<?xml version="1.0" encoding="UTF-8"?>
<!-- Generated by org.testng.reporters.JUnitXMLReporter -->
<testsuite ignored="0" hostname="LAPTOP-O1IA0A5B" failures="1" tests="14" name="Test" time="110.31" errors="0" timestamp="2023-12-25T10:22:48 EST">
  <testcase classname="com.qa.tn.testCases.SearchProductTest" name="verifyValidProductSearch" time="2.097"/>
  <testcase classname="com.qa.tn.testCases.SearchProductTest" name="verifyInvalidProductSearch" time="0.701"/>
  <testcase classname="com.qa.tn.testCases.SearchProductTest" name="verifyNoProductSearch" time="0.636"/>
  <testcase classname="com.qa.tn.testCases.AddToCartTest" name="verifyAddValidProductToCart" time="2.637">
    <failure type="java.lang.AssertionError" message="expected [Success: You have added HP LP3065 to your shopping cart!] but found [Success: You have added HP LP3065 to your shopping cart!
×]">
      <![CDATA[java.lang.AssertionError: expected [Success: You have added HP LP3065 to your shopping cart!] but found [Success: You have added HP LP3065 to your shopping cart!
×]
at com.qa.tn.testCases.AddToCartTest.verifyAddValidProductToCart(AddToCartTest.java:40)
at java.base/java.util.ArrayList.forEach(ArrayList.java:1511)
... Removed 33 stack frames]]>
    </failure>
  </testcase> <!-- verifyAddValidProductToCart -->
  <testcase classname="com.qa.tn.testCases.LoginTest" name="verifyLoginWithValidCredentials" time="1.179"/>
  <testcase classname="com.qa.tn.testCases.LoginTest" name="verifyLoginWithValidCredentials" time="1.08"/>
  <testcase classname="com.qa.tn.testCases.LoginTest" name="verifyLoginWithValidCredentials" time="1.71"/>
  <testcase classname="com.qa.tn.testCases.LoginTest" name="verifyLoginWithValidCredentials" time="2.779"/>
  <testcase classname="com.qa.tn.testCases.LoginTest" name="verifyLoginWithValidCredentials" time="1.538"/>
  <testcase classname="com.qa.tn.testCases.LoginTest" name="verifyLoginWithValidCredentials" time="1.53"/>
  <testcase classname="com.qa.tn.testCases.LoginTest" name="verifyLoginWithInvalidCredentials" time="0.774"/>
  <testcase classname="com.qa.tn.testCases.LoginTest" name="verifyLoginWithInvalidEmailValidPassword" time="0.819"/>
  <testcase classname="com.qa.tn.testCases.LoginTest" name="verifyLoginWithValidEmailInvalidPassword" time="0.877"/>
  <testcase classname="com.qa.tn.testCases.LoginTest" name="verifyLoginWithNoCredentials" time="0.669"/>
</testsuite> <!-- Test -->
